'data.frame':	4445 obs. of  111 variables:
 $ ï..ContentItemId                  : int  209320 209321 209322 209323 209288 209289 209241 209274 209211 209212 ...
 $ Abstract                          : Factor w/ 1290 levels "","A 1975 law makes state leasehold Somalia's only legal form of land tenure.  Under this law, those with customary tenure arrange"| __truncated__,..: 803 1 1 724 1 1 1 1 1 1 ...
 $ Ancilary.Data                     : Factor w/ 1543 levels "","'.... commissioned by Senator Mark O. Hatfield (R-Oregon), Representative Mickey Leland (D-Texas), Representative Matthew F. Mc"| __truncated__,..: 1 1416 1 1 1 1 1 1 1416 1268 ...
 $ ARDA.Subject.Category             : num  NA NA NA NA NA NA NA NA NA NA ...
 $ ARDA.Volume.and.Issue             : Factor w/ 10 levels "","15:1","15:2",..: 1 1 1 1 1 1 1 1 1 1 ...
 $ Personal.Author                   : Factor w/ 1849 levels "","Abbott, Richard D.",..: 1 1 1 1 1 1 1 218 1 1 ...
 $ Availability                      : Factor w/ 150 levels "","-","(C) Asian Vegetable Research and Development Center",..: 1 1 1 1 1 1 1 1 1 1 ...
 $ Bibliographic.Type.Code           : int  13 15 13 13 13 13 13 54 15 13 ...
 $ Bibliographic.Level               : Factor w/ 6 levels "","A","C","M",..: 4 4 4 4 4 4 4 4 4 4 ...
 $ Bibtype.Name                      : Factor w/ 30 levels "Activity/Project/Program Overview",..: 12 30 12 12 12 12 12 18 30 12 ...
 $ CD.Number                         : Factor w/ 96 levels "","cd002","dex10",..: 1 1 1 1 14 1 1 1 1 1 ...
 $ CD.Fulltext.Database              : Factor w/ 3 levels "","p|evalguide|",..: 1 1 1 1 1 1 1 1 1 1 ...
 $ CD.Fulltext.Contributing.Office   : logi  NA NA NA NA NA NA ...
 $ Contract.Grant.Number             : Factor w/ 849 levels "","263-0065-S-0001-00",..: 1 95 1 1 1 1 1 598 171 1 ...
 $ Cost.of.Electronic.Copy           : logi  NA NA NA NA NA NA ...
 $ Cost.of.Microfiche                : logi  NA NA NA NA NA NA ...
 $ Cost.of.Paper.Copy                : num  NA NA NA NA NA NA NA NA NA NA ...
 $ Date.Abstracted.and.Indexed       : Factor w/ 242 levels "","1/10/1990 12:00:00 AM",..: 127 1 1 126 1 1 1 1 1 1 ...
 $ Create.Date.for.CD                : Factor w/ 5 levels "","3/20/1997 12:00:00 AM",..: 1 1 1 1 1 1 1 1 1 1 ...
 $ Date.Cataloging.Proofed           : Factor w/ 902 levels "","1/10/1990 12:00:00 AM",..: 30 30 30 30 27 27 22 24 5 17 ...
 $ Date.Indexed.Only                 : Factor w/ 905 levels "","1/10/1990 12:00:00 AM",..: 536 337 369 487 337 337 352 357 387 333 ...
 $ Date.Processing.Complete          : Factor w/ 812 levels "","1/10/1990 12:00:00 AM",..: 481 294 420 435 294 294 309 339 363 316 ...
 $ Date.Prepared.for.Filming         : Factor w/ 717 levels "","1/10/1995 12:00:00 AM",..: 37 37 37 37 37 37 1 26 15 15 ...
 $ Date.of.Publication.Freeforrm     : Factor w/ 361 levels "[1989?]","[1989]",..: 356 235 245 245 226 226 245 58 226 226 ...
 $ Date.of.Publication.Fixed         : Factor w/ 17 levels "","1989","1989-01",..: 11 11 11 11 11 11 11 11 11 11 ...
 $ Date.of.Expected.Release.to.Public: logi  NA NA NA NA NA NA ...
 $ Date.Refilmed                     : Factor w/ 37 levels "","1/23/1990 12:00:00 AM",..: 1 1 1 1 1 1 1 1 1 1 ...
 $ Date.Returned.from.Filmer         : Factor w/ 512 levels "","1/10/1995 12:00:00 AM",..: 169 169 169 169 169 169 1 203 30 30 ...
 $ Date.Sent.Abstracting.Indexing    : Factor w/ 668 levels "","1/10/1990 12:00:00 AM",..: 213 213 213 213 213 213 1 253 39 39 ...
 $ Date.Sent.to.Filmer               : Factor w/ 690 levels "","1/10/1991 12:00:00 AM",..: 36 36 36 36 36 36 1 27 16 16 ...
 $ Descriptions.from.Thesaurus       : Factor w/ 3858 levels "","Abstracts|Family planning services|Health care administration|Management operations",..: 3821 1637 197 1538 1693 1691 1574 2230 3185 2123 ...
 $ Secondary.Descriptors             : Factor w/ 3300 levels "","Abstracting|Classification|Indexing|Cataloging|Quality control|Management operations|Production management|Information dissemin"| __truncated__,..: 270 855 2400 1 1145 504 1072 843 1 1 ...
 $ Descriptors.Geographic            : Factor w/ 470 levels "","Afghanistan",..: 180 180 180 180 186 186 357 357 125 261 ...
 $ DESCTEMP                          : Factor w/ 5 levels "","Education research",..: 1 1 1 1 1 1 1 1 1 1 ...
 $ Document.ID                       : Factor w/ 4445 levels "PC-AAA-119","PC-AAA-120",..: 746 747 748 749 742 743 1725 2513 727 728 ...
 $ Edition                           : Factor w/ 14 levels "","[House document ver.]",..: 1 1 1 1 1 1 1 1 1 1 ...
 $ Entered.By                        : Factor w/ 112 levels "","ac","AC","acmc",..: 68 68 68 68 40 40 40 40 40 40 ...
 $ AID.Contact.Number.Evaluated      : Factor w/ 37 levels "","263-0152-C-00-6123-00",..: 1 1 1 1 1 1 1 1 1 1 ...
 $ Total.Evaluation.Cost             : Factor w/ 102 levels "","1,000","10,000",..: 1 1 1 1 1 1 1 1 1 1 ...
 $ Exclude.from.Prjdoc.View          : Factor w/ 2 levels "False","True": 1 1 1 1 1 1 1 2 1 1 ...
 $ File.Format                       : Factor w/ 11 levels "","E","Electronic",..: 5 5 5 5 6 5 5 5 5 5 ...
 $ Fulltext.External.Reference       : logi  NA NA NA NA NA NA ...
 $ File.Size                         : Factor w/ 2720 levels "",",2596 KB",..: 2681 594 1279 1630 2384 1957 2040 2072 1572 2226 ...
 $ File.Software.and.Version         : Factor w/ 3 levels "","Missing","PDF": 3 3 3 3 3 3 3 3 3 3 ...
 $ Fulltext                          : logi  NA NA NA NA NA NA ...
 $ USAID.Geography.Code              : Factor w/ 133 levels "","002","118",..: 44 44 44 44 12 12 32 32 60 55 ...
 $ USAID.Geography.Name              : Factor w/ 130 levels "","Afghanistan",..: 40 40 40 40 41 41 92 92 101 65 ...
 $ Related.Object.Link               : logi  NA NA NA NA NA NA ...
 $ New.Thesaurus.Terms               : Factor w/ 113 levels "","Activity/Project/Program Overview",..: 1 1 1 1 1 1 1 1 1 1 ...
 $ Institution.Authority.Code        : Factor w/ 1882 levels "","000001","000001|003097|000437",..: 1741 1741 1741 1741 1742 1742 1793 402 1748 1767 ...
 $ Institution.Name                  : Factor w/ 1876 levels "","Abt Associates, Inc.|Harvard University. Harvard Institute for International Development (HIID)|Stanford University. Food Resea"| __truncated__,..: 1702 1702 1702 1702 1703 1703 1754 949 1708 1727 ...
 $ Institution.Role                  : Factor w/ 55 levels "","A","A|A","A|A|A",..: 2 2 2 2 2 2 2 32 2 2 ...
 $ Inventory.Location                : Factor w/ 717 levels "","DEC","DEC/W-1347",..: 190 168 185 185 7 168 168 171 179 177 ...
 $ Inventory.Quantity                : logi  NA NA NA NA NA NA ...
 $ ISBN                              : Factor w/ 174 levels "","0-915118-115-7",..: 1 1 1 1 1 1 1 1 1 1 ...
 $ Language.of.Text                  : Factor w/ 23 levels "Arabic","English",..: 10 2 9 10 2 2 2 2 2 2 ...
 $ Mime.Type                         : Factor w/ 2 levels "","application/pdf": 2 2 2 2 2 2 2 2 2 2 ...
 $ Notation                          : Factor w/ 4235 levels "","A|B19.E6.3|A02.42|T29.36|A03|D08.26|D08.23|G03.6W|G03.8G|G12.Q|G25.T",..: 3438 1804 446 1270 1859 1861 1620 2701 1454 1466 ...
 $ NTIS.Number                       : Factor w/ 231 levels "","PB89-154579",..: 1 1 1 1 1 1 1 1 1 1 ...
 $ Number.of.Fiche                   : int  1 1 1 1 1 1 1 1 1 1 ...
 $ Number.of.Fiche.Frames            : int  48 8 9 10 27 25 32 41 12 6 ...
 $ Stategic.Objective.Number         : logi  NA NA NA NA NA NA ...
 $ Pagination                        : Factor w/ 1776 levels "","[10] p. + 2 attachments",..: 169 227 408 1 223 214 112 796 228 233 ...
 $ Collation.Notes                   : Factor w/ 36 levels "","Attachment is trip report in Spanish",..: 35 1 1 1 1 1 1 1 1 1 ...
 $ Prepped.By                        : Factor w/ 19 levels "","DT","E","eh",..: 5 5 5 5 5 5 1 5 5 5 ...
 $ Project.Number                    : Factor w/ 1205 levels "","1100001","150HG04|1500026|150HG07",..: 325 328 313 323 36 32 188 1136 542 475 ...
 $ Project9.Prime.Dve.Activity       : Factor w/ 1236 levels "","1100001","1500026|150HG04|150HG07",..: 322 325 311 320 33 30 190 1162 545 471 ...
 $ Project.Sub.Number                : Factor w/ 89 levels "","00","00|00",..: 2 3 2 2 2 2 2 2 2 2 ...
 $ REC_NO                            : int  56675 56676 56677 56678 56643 56644 56596 56629 56566 56567 ...
 $ Related.Docs.Links                : logi  NA NA NA NA NA NA ...
 $ Report.Number                     : Factor w/ 667 levels "","[APIP] rapport final 90-4",..: 1 1 1 1 1 1 1 1 1 1 ...
 $ Batch                             : Factor w/ 180 levels "","0008","0009",..: 29 29 29 29 29 29 1 29 29 29 ...
 $ Box                               : int  53 53 53 53 53 53 NA 52 50 50 ...
 $ Shelf.Location                    : Factor w/ 2 levels "","PCL": 1 1 1 1 1 1 1 1 1 1 ...
 $ Special.Processing.Instructions   : Factor w/ 984 levels "","1 copy retained in DIC; 1 copy sent to DISC for microfilming|11-30-92|Paper copy converted to searchable PDF 2006-07-27 (exact "| __truncated__,..: 190 190 112 112 812 279 600 231 190 190 ...
 $ Primary.Subject                   : Factor w/ 201 levels "","AA00","AA20",..: 1 1 1 1 1 1 1 132 1 1 ...
 $ Document.Title                    : Factor w/ 4422 levels "[AIDSCOM] implementation plan : Republic of the Philippines",..: 3372 312 493 3221 3369 3368 3402 3025 465 472 ...
 $ Series.Title                      : Factor w/ 697 levels "","[Agricultural transportation assistance program (ATAP) discussion|paper]",..: 1 1 1 1 1 1 1 1 1 1 ...
 $ Document.Title.Translated         : Factor w/ 294 levels "","[Communication for technology transfer in agriculture (CTTA) :] integrated action plan, 1989-1990 (draft paper)",..: 1 1 1 1 1 1 1 1 1 1 ...
 $ Title.Word.Alternate.Spelling     : Factor w/ 105 levels "","1989 USAID green book|US overseas loans and grants and assistance from international|organizations : obligations and loan autho"| __truncated__,..: 1 1 1 1 1 1 1 1 1 1 ...
 $ Web.Collection                    : Factor w/ 40 levels "","Af-Pak","AforPak agriculture",..: 1 1 1 1 1 1 1 1 1 1 ...
 $ Abstract.or.Index                 : logi  NA NA NA NA NA NA ...
 $ ABIN.load.Check.Field             : Factor w/ 4441 levels "","100398PN-ACE-443",..: 1582 1583 1584 1585 1577 1578 1551 1565 1532 1533 ...
 $ USAID.Project.Number              : Factor w/ 1285 levels "","1100001","150HG04|1500026|150HG07",..: 332 335 320 330 36 32 195 1205 559 486 ...
 $ File                              : Factor w/ 4408 levels "","C:\\Documents and Settings\\jharold\\Desktop\\New Folder\\pnaax217.pdf",..: 769 770 771 772 765 766 1723 2490 750 751 ...
 $ Institution.or.USAID.Bureau.Author: Factor w/ 1199 levels "","000001 - USAID. Ofc. of the Administrator",..: 1079 1079 1079 1079 1080 1080 1129 189 1086 1103 ...
 $ Institution.or.USAID.Sponsor      : Factor w/ 735 levels "","000001 - USAID. Ofc. of the Administrator",..: 1 1 1 1 1 1 1 128 1 1 ...
 $ Institution.or.USAID.Publisher    : Factor w/ 22 levels "","000379 - Earthscan Publications, Ltd.",..: 1 1 1 1 1 1 1 1 1 1 ...
 $ Restricted.to.USAID.Only          : Factor w/ 1 level "False": 1 1 1 1 1 1 1 1 1 1 ...
 $ Language.ISO1.Code                : Factor w/ 22 levels "","Ar","en","En",..: 6 4 6 6 4 4 4 4 4 4 ...
 $ Class                             : Factor w/ 201 levels "","Adult education",..: 1 1 1 1 1 1 1 52 1 1 ...
 $ Date.Processing.Started           : Factor w/ 8 levels "","1/13/2014 12:00:00 AM",..: 1 1 1 1 1 1 1 1 1 1 ...
 $ Category                          : Factor w/ 4415 levels "","Document Type~Document Type Collection~Design (all)~Design/Implementation Workplan|Notation~Notation Collection~D~D25~D25.3|The"| __truncated__,..: 2659 531 1780 3118 1055 3051 3790 1394 596 2754 ...
 $ DateCreated                       : Factor w/ 1022 levels "1/10/1990 5:00:00 AM",..: 33 33 33 33 26 26 21 23 6 6 ...
 $ DateModified                      : Factor w/ 3984 levels "1/10/2014 3:31:13 PM",..: 1673 1674 1675 1676 1393 1394 1836 1152 918 919 ...
 $ Active                            : Factor w/ 1 level "True": 1 1 1 1 1 1 1 1 1 1 ...
 $ File.Processed                    : Factor w/ 3 levels "","False","True": 3 3 2 3 2 3 3 3 3 3 ...
 $ Selected.for.Cataloguing          : Factor w/ 3 levels "","False","True": 2 2 2 2 2 2 2 2 2 2 ...
 $ Not.Selected.for.Cataloguing      : Factor w/ 2 levels "","False": 2 2 2 2 2 2 2 2 2 2 ...
  [list output truncated]
